# JRE version: OpenJDK Runtime Environment (8.0_202-b03) (build 1.8.0_202-release-1483-b03)
# Java VM: OpenJDK 64-Bit Server VM (25.202-b03 mixed mode windows-amd64 compressed oops)
Heap:
 PSYoungGen      total 447488K, used 131583K [0x00000000e0000000, 0x00000000ffd00000, 0x0000000100000000)
  eden space 409088K, 28% used [0x00000000e0000000,0x00000000e72e8d18,0x00000000f8f80000)
  from space 38400K, 36% used [0x00000000fb300000,0x00000000fc097018,0x00000000fd880000)
  to   space 36352K, 0% used [0x00000000f8f80000,0x00000000f8f80000,0x00000000fb300000)
 ParOldGen       total 268288K, used 163660K [0x00000000a0000000, 0x00000000b0600000, 0x00000000e0000000)
  object space 268288K, 61% used [0x00000000a0000000,0x00000000a9fd3310,0x00000000b0600000)
 Metaspace       used 72233K, capacity 75136K, committed 76072K, reserved 1114112K
  class space    used 9679K, capacity 10306K, committed 10536K, reserved 1048576K
GC Heap History (10 events):
Event: 18.397 GC heap before
{Heap before GC invocations=28 (full 4):
 PSYoungGen      total 445440K, used 437053K [0x00000000e0000000, 0x00000000fd880000, 0x0000000100000000)
  eden space 408064K, 100% used [0x00000000e0000000,0x00000000f8e80000,0x00000000f8e80000)
  from space 37376K, 77% used [0x00000000f8e80000,0x00000000faacf5b0,0x00000000fb300000)
  to   space 38400K, 0% used [0x00000000fb300000,0x00000000fb300000,0x00000000fd880000)
 ParOldGen       total 268288K, used 120484K [0x00000000a0000000, 0x00000000b0600000, 0x00000000e0000000)
  object space 268288K, 44% used [0x00000000a0000000,0x00000000a75a9370,0x00000000b0600000)
 Metaspace       used 71339K, capacity 74052K, committed 75432K, reserved 1114112K
  class space    used 9565K, capacity 10150K, committed 10408K, reserved 1048576K
Event: 18.428 GC heap after
Heap after GC invocations=28 (full 4):
 PSYoungGen      total 446464K, used 24958K [0x00000000e0000000, 0x00000000fd880000, 0x0000000100000000)
  eden space 408064K, 0% used [0x00000000e0000000,0x00000000e0000000,0x00000000f8e80000)
  from space 38400K, 64% used [0x00000000fb300000,0x00000000fcb5fa18,0x00000000fd880000)
  to   space 37376K, 0% used [0x00000000f8e80000,0x00000000f8e80000,0x00000000fb300000)
 ParOldGen       total 268288K, used 127969K [0x00000000a0000000, 0x00000000b0600000, 0x00000000e0000000)
  object space 268288K, 47% used [0x00000000a0000000,0x00000000a7cf8640,0x00000000b0600000)
 Metaspace       used 71339K, capacity 74052K, committed 75432K, reserved 1114112K
  class space    used 9565K, capacity 10150K, committed 10408K, reserved 1048576K
}
Event: 19.014 GC heap before
{Heap before GC invocations=29 (full 4):
 PSYoungGen      total 446464K, used 433022K [0x00000000e0000000, 0x00000000fd880000, 0x0000000100000000)
  eden space 408064K, 100% used [0x00000000e0000000,0x00000000f8e80000,0x00000000f8e80000)
  from space 38400K, 64% used [0x00000000fb300000,0x00000000fcb5fa18,0x00000000fd880000)
  to   space 37376K, 0% used [0x00000000f8e80000,0x00000000f8e80000,0x00000000fb300000)
 ParOldGen       total 268288K, used 127969K [0x00000000a0000000, 0x00000000b0600000, 0x00000000e0000000)
  object space 268288K, 47% used [0x00000000a0000000,0x00000000a7cf8640,0x00000000b0600000)
 Metaspace       used 71634K, capacity 74362K, committed 75560K, reserved 1114112K
  class space    used 9612K, capacity 10203K, committed 10536K, reserved 1048576K
Event: 19.040 GC heap after
Heap after GC invocations=29 (full 4):
 PSYoungGen      total 445440K, used 11028K [0x00000000e0000000, 0x00000000fd880000, 0x0000000100000000)
  eden space 408064K, 0% used [0x00000000e0000000,0x00000000e0000000,0x00000000f8e80000)
  from space 37376K, 29% used [0x00000000f8e80000,0x00000000f9945230,0x00000000fb300000)
  to   space 38400K, 0% used [0x00000000fb300000,0x00000000fb300000,0x00000000fd880000)
 ParOldGen       total 268288K, used 140406K [0x00000000a0000000, 0x00000000b0600000, 0x00000000e0000000)
  object space 268288K, 52% used [0x00000000a0000000,0x00000000a891d928,0x00000000b0600000)
 Metaspace       used 71634K, capacity 74362K, committed 75560K, reserved 1114112K
  class space    used 9612K, capacity 10203K, committed 10536K, reserved 1048576K
}
Event: 19.597 GC heap before
{Heap before GC invocations=30 (full 4):
 PSYoungGen      total 445440K, used 419092K [0x00000000e0000000, 0x00000000fd880000, 0x0000000100000000)
  eden space 408064K, 100% used [0x00000000e0000000,0x00000000f8e80000,0x00000000f8e80000)
  from space 37376K, 29% used [0x00000000f8e80000,0x00000000f9945230,0x00000000fb300000)
  to   space 38400K, 0% used [0x00000000fb300000,0x00000000fb300000,0x00000000fd880000)
 ParOldGen       total 268288K, used 140406K [0x00000000a0000000, 0x00000000b0600000, 0x00000000e0000000)
  object space 268288K, 52% used [0x00000000a0000000,0x00000000a891d928,0x00000000b0600000)
 Metaspace       used 71896K, capacity 74638K, committed 75816K, reserved 1114112K
  class space    used 9640K, capacity 10219K, committed 10536K, reserved 1048576K
Event: 19.617 GC heap after
Heap after GC invocations=30 (full 4):
 PSYoungGen      total 446464K, used 14815K [0x00000000e0000000, 0x00000000fd880000, 0x0000000100000000)
  eden space 408064K, 0% used [0x00000000e0000000,0x00000000e0000000,0x00000000f8e80000)
  from space 38400K, 38% used [0x00000000fb300000,0x00000000fc177c78,0x00000000fd880000)
  to   space 37376K, 0% used [0x00000000f8e80000,0x00000000f8e80000,0x00000000fb300000)
 ParOldGen       total 268288K, used 148669K [0x00000000a0000000, 0x00000000b0600000, 0x00000000e0000000)
  object space 268288K, 55% used [0x00000000a0000000,0x00000000a912f440,0x00000000b0600000)
 Metaspace       used 71896K, capacity 74638K, committed 75816K, reserved 1114112K
  class space    used 9640K, capacity 10219K, committed 10536K, reserved 1048576K
}
Event: 20.264 GC heap before
{Heap before GC invocations=31 (full 4):
 PSYoungGen      total 446464K, used 422879K [0x00000000e0000000, 0x00000000fd880000, 0x0000000100000000)
  eden space 408064K, 100% used [0x00000000e0000000,0x00000000f8e80000,0x00000000f8e80000)
  from space 38400K, 38% used [0x00000000fb300000,0x00000000fc177c78,0x00000000fd880000)
  to   space 37376K, 0% used [0x00000000f8e80000,0x00000000f8e80000,0x00000000fb300000)
 ParOldGen       total 268288K, used 148669K [0x00000000a0000000, 0x00000000b0600000, 0x00000000e0000000)
  object space 268288K, 55% used [0x00000000a0000000,0x00000000a912f440,0x00000000b0600000)
 Metaspace       used 71918K, capacity 74638K, committed 75816K, reserved 1114112K
  class space    used 9642K, capacity 10219K, committed 10536K, reserved 1048576K
Event: 20.285 GC heap after
Heap after GC invocations=31 (full 4):
 PSYoungGen      total 445440K, used 4968K [0x00000000e0000000, 0x00000000fd880000, 0x0000000100000000)
  eden space 408064K, 0% used [0x00000000e0000000,0x00000000e0000000,0x00000000f8e80000)
  from space 37376K, 13% used [0x00000000f8e80000,0x00000000f935a218,0x00000000fb300000)
  to   space 38400K, 0% used [0x00000000fb300000,0x00000000fb300000,0x00000000fd880000)
 ParOldGen       total 268288K, used 159392K [0x00000000a0000000, 0x00000000b0600000, 0x00000000e0000000)
  object space 268288K, 59% used [0x00000000a0000000,0x00000000a9ba8098,0x00000000b0600000)
 Metaspace       used 71918K, capacity 74638K, committed 75816K, reserved 1114112K
  class space    used 9642K, capacity 10219K, committed 10536K, reserved 1048576K
}
Event: 20.943 GC heap before
{Heap before GC invocations=32 (full 4):
 PSYoungGen      total 445440K, used 413032K [0x00000000e0000000, 0x00000000fd880000, 0x0000000100000000)
  eden space 408064K, 100% used [0x00000000e0000000,0x00000000f8e80000,0x00000000f8e80000)
  from space 37376K, 13% used [0x00000000f8e80000,0x00000000f935a218,0x00000000fb300000)
  to   space 38400K, 0% used [0x00000000fb300000,0x00000000fb300000,0x00000000fd880000)
 ParOldGen       total 268288K, used 159392K [0x00000000a0000000, 0x00000000b0600000, 0x00000000e0000000)
  object space 268288K, 59% used [0x00000000a0000000,0x00000000a9ba8098,0x00000000b0600000)
 Metaspace       used 72206K, capacity 75136K, committed 76072K, reserved 1114112K
  class space    used 9679K, capacity 10306K, committed 10536K, reserved 1048576K
Event: 20.963 GC heap after
Heap after GC invocations=32 (full 4):
 PSYoungGen      total 447488K, used 13916K [0x00000000e0000000, 0x00000000ffd00000, 0x0000000100000000)
  eden space 409088K, 0% used [0x00000000e0000000,0x00000000e0000000,0x00000000f8f80000)
  from space 38400K, 36% used [0x00000000fb300000,0x00000000fc097018,0x00000000fd880000)
  to   space 36352K, 0% used [0x00000000f8f80000,0x00000000f8f80000,0x00000000fb300000)
 ParOldGen       total 268288K, used 163660K [0x00000000a0000000, 0x00000000b0600000, 0x00000000e0000000)
  object space 268288K, 61% used [0x00000000a0000000,0x00000000a9fd3310,0x00000000b0600000)
 Metaspace       used 72206K, capacity 75136K, committed 76072K, reserved 1114112K
  class space    used 9679K, capacity 10306K, committed 10536K, reserved 1048576K
}

