# JRE version: OpenJDK Runtime Environment (8.0_202-b03) (build 1.8.0_202-release-1483-b03)
# Java VM: OpenJDK 64-Bit Server VM (25.202-b03 mixed mode windows-amd64 compressed oops)
Heap:
 PSYoungGen      total 341504K, used 143198K [0x00000000e0000000, 0x00000000f9700000, 0x0000000100000000)
  eden space 281088K, 29% used [0x00000000e0000000,0x00000000e50d7ff8,0x00000000f1280000)
  from space 60416K, 99% used [0x00000000f5c00000,0x00000000f96ff8e8,0x00000000f9700000)
  to   space 63488K, 0% used [0x00000000f1280000,0x00000000f1280000,0x00000000f5080000)
 ParOldGen       total 210432K, used 109742K [0x00000000a0000000, 0x00000000acd80000, 0x00000000e0000000)
  object space 210432K, 52% used [0x00000000a0000000,0x00000000a6b2b8e8,0x00000000acd80000)
 Metaspace       used 94329K, capacity 99002K, committed 100172K, reserved 1136640K
  class space    used 12040K, capacity 12869K, committed 13184K, reserved 1048576K
GC Heap History (10 events):
Event: 2386.618 GC heap before
{Heap before GC invocations=28 (full 4):
 PSYoungGen      total 289792K, used 289766K [0x00000000e0000000, 0x00000000f8800000, 0x0000000100000000)
  eden space 237568K, 100% used [0x00000000e0000000,0x00000000ee800000,0x00000000ee800000)
  from space 52224K, 99% used [0x00000000ee800000,0x00000000f1af9980,0x00000000f1b00000)
  to   space 66048K, 0% used [0x00000000f4780000,0x00000000f4780000,0x00000000f8800000)
 ParOldGen       total 210432K, used 73760K [0x00000000a0000000, 0x00000000acd80000, 0x00000000e0000000)
  object space 210432K, 35% used [0x00000000a0000000,0x00000000a48082e8,0x00000000acd80000)
 Metaspace       used 93338K, capacity 97638K, committed 99404K, reserved 1136640K
  class space    used 11974K, capacity 12759K, committed 13184K, reserved 1048576K
Event: 2386.664 GC heap after
Heap after GC invocations=28 (full 4):
 PSYoungGen      total 326144K, used 40128K [0x00000000e0000000, 0x00000000f8480000, 0x0000000100000000)
  eden space 263680K, 0% used [0x00000000e0000000,0x00000000e0000000,0x00000000f0180000)
  from space 62464K, 64% used [0x00000000f4780000,0x00000000f6eb00b0,0x00000000f8480000)
  to   space 67072K, 0% used [0x00000000f0180000,0x00000000f0180000,0x00000000f4300000)
 ParOldGen       total 210432K, used 73768K [0x00000000a0000000, 0x00000000acd80000, 0x00000000e0000000)
  object space 210432K, 35% used [0x00000000a0000000,0x00000000a480a2e8,0x00000000acd80000)
 Metaspace       used 93338K, capacity 97638K, committed 99404K, reserved 1136640K
  class space    used 11974K, capacity 12759K, committed 13184K, reserved 1048576K
}
Event: 2390.203 GC heap before
{Heap before GC invocations=29 (full 4):
 PSYoungGen      total 326144K, used 303808K [0x00000000e0000000, 0x00000000f8480000, 0x0000000100000000)
  eden space 263680K, 100% used [0x00000000e0000000,0x00000000f0180000,0x00000000f0180000)
  from space 62464K, 64% used [0x00000000f4780000,0x00000000f6eb00b0,0x00000000f8480000)
  to   space 67072K, 0% used [0x00000000f0180000,0x00000000f0180000,0x00000000f4300000)
 ParOldGen       total 210432K, used 73768K [0x00000000a0000000, 0x00000000acd80000, 0x00000000e0000000)
  object space 210432K, 35% used [0x00000000a0000000,0x00000000a480a2e8,0x00000000acd80000)
 Metaspace       used 93609K, capacity 97906K, committed 99660K, reserved 1136640K
  class space    used 11982K, capacity 12773K, committed 13184K, reserved 1048576K
Event: 2390.233 GC heap after
Heap after GC invocations=29 (full 4):
 PSYoungGen      total 330752K, used 37719K [0x00000000e0000000, 0x00000000f9980000, 0x0000000100000000)
  eden space 263680K, 0% used [0x00000000e0000000,0x00000000e0000000,0x00000000f0180000)
  from space 67072K, 56% used [0x00000000f0180000,0x00000000f2655cf8,0x00000000f4300000)
  to   space 67072K, 0% used [0x00000000f5800000,0x00000000f5800000,0x00000000f9980000)
 ParOldGen       total 210432K, used 73776K [0x00000000a0000000, 0x00000000acd80000, 0x00000000e0000000)
  object space 210432K, 35% used [0x00000000a0000000,0x00000000a480c2e8,0x00000000acd80000)
 Metaspace       used 93609K, capacity 97906K, committed 99660K, reserved 1136640K
  class space    used 11982K, capacity 12773K, committed 13184K, reserved 1048576K
}
Event: 2650.619 GC heap before
{Heap before GC invocations=30 (full 4):
 PSYoungGen      total 330752K, used 301399K [0x00000000e0000000, 0x00000000f9980000, 0x0000000100000000)
  eden space 263680K, 100% used [0x00000000e0000000,0x00000000f0180000,0x00000000f0180000)
  from space 67072K, 56% used [0x00000000f0180000,0x00000000f2655cf8,0x00000000f4300000)
  to   space 67072K, 0% used [0x00000000f5800000,0x00000000f5800000,0x00000000f9980000)
 ParOldGen       total 210432K, used 73776K [0x00000000a0000000, 0x00000000acd80000, 0x00000000e0000000)
  object space 210432K, 35% used [0x00000000a0000000,0x00000000a480c2e8,0x00000000acd80000)
 Metaspace       used 93694K, capacity 98012K, committed 99660K, reserved 1136640K
  class space    used 11987K, capacity 12780K, committed 13184K, reserved 1048576K
Event: 2650.653 GC heap after
Heap after GC invocations=30 (full 4):
 PSYoungGen      total 336896K, used 29360K [0x00000000e0000000, 0x00000000f8e80000, 0x0000000100000000)
  eden space 281088K, 0% used [0x00000000e0000000,0x00000000e0000000,0x00000000f1280000)
  from space 55808K, 52% used [0x00000000f5800000,0x00000000f74ac080,0x00000000f8e80000)
  to   space 63488K, 0% used [0x00000000f1280000,0x00000000f1280000,0x00000000f5080000)
 ParOldGen       total 210432K, used 73784K [0x00000000a0000000, 0x00000000acd80000, 0x00000000e0000000)
  object space 210432K, 35% used [0x00000000a0000000,0x00000000a480e2e8,0x00000000acd80000)
 Metaspace       used 93694K, capacity 98012K, committed 99660K, reserved 1136640K
  class space    used 11987K, capacity 12780K, committed 13184K, reserved 1048576K
}
Event: 2862.219 GC heap before
{Heap before GC invocations=31 (full 4):
 PSYoungGen      total 336896K, used 310448K [0x00000000e0000000, 0x00000000f8e80000, 0x0000000100000000)
  eden space 281088K, 100% used [0x00000000e0000000,0x00000000f1280000,0x00000000f1280000)
  from space 55808K, 52% used [0x00000000f5800000,0x00000000f74ac080,0x00000000f8e80000)
  to   space 63488K, 0% used [0x00000000f1280000,0x00000000f1280000,0x00000000f5080000)
 ParOldGen       total 210432K, used 73784K [0x00000000a0000000, 0x00000000acd80000, 0x00000000e0000000)
  object space 210432K, 35% used [0x00000000a0000000,0x00000000a480e2e8,0x00000000acd80000)
 Metaspace       used 94078K, capacity 98738K, committed 100172K, reserved 1136640K
  class space    used 12025K, capacity 12847K, committed 13184K, reserved 1048576K
Event: 2862.248 GC heap after
Heap after GC invocations=31 (full 4):
 PSYoungGen      total 344576K, used 30624K [0x00000000e0000000, 0x00000000f9700000, 0x0000000100000000)
  eden space 281088K, 0% used [0x00000000e0000000,0x00000000e0000000,0x00000000f1280000)
  from space 63488K, 48% used [0x00000000f1280000,0x00000000f30680b0,0x00000000f5080000)
  to   space 60416K, 0% used [0x00000000f5c00000,0x00000000f5c00000,0x00000000f9700000)
 ParOldGen       total 210432K, used 73792K [0x00000000a0000000, 0x00000000acd80000, 0x00000000e0000000)
  object space 210432K, 35% used [0x00000000a0000000,0x00000000a48102e8,0x00000000acd80000)
 Metaspace       used 94078K, capacity 98738K, committed 100172K, reserved 1136640K
  class space    used 12025K, capacity 12847K, committed 13184K, reserved 1048576K
}
Event: 2864.278 GC heap before
{Heap before GC invocations=32 (full 4):
 PSYoungGen      total 344576K, used 311712K [0x00000000e0000000, 0x00000000f9700000, 0x0000000100000000)
  eden space 281088K, 100% used [0x00000000e0000000,0x00000000f1280000,0x00000000f1280000)
  from space 63488K, 48% used [0x00000000f1280000,0x00000000f30680b0,0x00000000f5080000)
  to   space 60416K, 0% used [0x00000000f5c00000,0x00000000f5c00000,0x00000000f9700000)
 ParOldGen       total 210432K, used 73792K [0x00000000a0000000, 0x00000000acd80000, 0x00000000e0000000)
  object space 210432K, 35% used [0x00000000a0000000,0x00000000a48102e8,0x00000000acd80000)
 Metaspace       used 94255K, capacity 98956K, committed 100172K, reserved 1136640K
  class space    used 12032K, capacity 12860K, committed 13184K, reserved 1048576K
Event: 2864.378 GC heap after
Heap after GC invocations=32 (full 4):
 PSYoungGen      total 341504K, used 60414K [0x00000000e0000000, 0x00000000f9700000, 0x0000000100000000)
  eden space 281088K, 0% used [0x00000000e0000000,0x00000000e0000000,0x00000000f1280000)
  from space 60416K, 99% used [0x00000000f5c00000,0x00000000f96ff8e8,0x00000000f9700000)
  to   space 63488K, 0% used [0x00000000f1280000,0x00000000f1280000,0x00000000f5080000)
 ParOldGen       total 210432K, used 109742K [0x00000000a0000000, 0x00000000acd80000, 0x00000000e0000000)
  object space 210432K, 52% used [0x00000000a0000000,0x00000000a6b2b8e8,0x00000000acd80000)
 Metaspace       used 94255K, capacity 98956K, committed 100172K, reserved 1136640K
  class space    used 12032K, capacity 12860K, committed 13184K, reserved 1048576K
}

