# JRE version: OpenJDK Runtime Environment (8.0_202-b03) (build 1.8.0_202-release-1483-b03)
# Java VM: OpenJDK 64-Bit Server VM (25.202-b03 mixed mode windows-amd64 compressed oops)
Heap:
 PSYoungGen      total 456704K, used 330993K [0x00000000e0000000, 0x00000000ff680000, 0x0000000100000000)
  eden space 398848K, 75% used [0x00000000e0000000,0x00000000f2425770,0x00000000f8580000)
  from space 57856K, 55% used [0x00000000f8580000,0x00000000fa496e88,0x00000000fbe00000)
  to   space 57344K, 0% used [0x00000000fbe80000,0x00000000fbe80000,0x00000000ff680000)
 ParOldGen       total 272896K, used 113767K [0x00000000a0000000, 0x00000000b0a80000, 0x00000000e0000000)
  object space 272896K, 41% used [0x00000000a0000000,0x00000000a6f19d78,0x00000000b0a80000)
 Metaspace       used 83855K, capacity 86824K, committed 87976K, reserved 1126400K
  class space    used 10828K, capacity 11408K, committed 11688K, reserved 1048576K
GC Heap History (10 events):
Event: 33.185 GC heap before
{Heap before GC invocations=29 (full 4):
 PSYoungGen      total 387072K, used 321024K [0x00000000e0000000, 0x00000000fc700000, 0x0000000100000000)
  eden space 321024K, 100% used [0x00000000e0000000,0x00000000f3980000,0x00000000f3980000)
  from space 66048K, 0% used [0x00000000f7c00000,0x00000000f7c00000,0x00000000fbc80000)
  to   space 68096K, 0% used [0x00000000f3980000,0x00000000f3980000,0x00000000f7c00000)
 ParOldGen       total 272896K, used 113759K [0x00000000a0000000, 0x00000000b0a80000, 0x00000000e0000000)
  object space 272896K, 41% used [0x00000000a0000000,0x00000000a6f17d78,0x00000000b0a80000)
 Metaspace       used 82934K, capacity 85872K, committed 87464K, reserved 1124352K
  class space    used 10769K, capacity 11346K, committed 11688K, reserved 1048576K
Event: 33.200 GC heap after
Heap after GC invocations=29 (full 4):
 PSYoungGen      total 389120K, used 14242K [0x00000000e0000000, 0x00000000fe480000, 0x0000000100000000)
  eden space 321024K, 0% used [0x00000000e0000000,0x00000000e0000000,0x00000000f3980000)
  from space 68096K, 20% used [0x00000000f3980000,0x00000000f4768950,0x00000000f7c00000)
  to   space 66560K, 0% used [0x00000000fa380000,0x00000000fa380000,0x00000000fe480000)
 ParOldGen       total 272896K, used 113759K [0x00000000a0000000, 0x00000000b0a80000, 0x00000000e0000000)
  object space 272896K, 41% used [0x00000000a0000000,0x00000000a6f17d78,0x00000000b0a80000)
 Metaspace       used 82934K, capacity 85872K, committed 87464K, reserved 1124352K
  class space    used 10769K, capacity 11346K, committed 11688K, reserved 1048576K
}
Event: 33.740 GC heap before
{Heap before GC invocations=30 (full 4):
 PSYoungGen      total 389120K, used 335266K [0x00000000e0000000, 0x00000000fe480000, 0x0000000100000000)
  eden space 321024K, 100% used [0x00000000e0000000,0x00000000f3980000,0x00000000f3980000)
  from space 68096K, 20% used [0x00000000f3980000,0x00000000f4768950,0x00000000f7c00000)
  to   space 66560K, 0% used [0x00000000fa380000,0x00000000fa380000,0x00000000fe480000)
 ParOldGen       total 272896K, used 113759K [0x00000000a0000000, 0x00000000b0a80000, 0x00000000e0000000)
  object space 272896K, 41% used [0x00000000a0000000,0x00000000a6f17d78,0x00000000b0a80000)
 Metaspace       used 83141K, capacity 86092K, committed 87464K, reserved 1124352K
  class space    used 10769K, capacity 11346K, committed 11688K, reserved 1048576K
Event: 33.762 GC heap after
Heap after GC invocations=30 (full 4):
 PSYoungGen      total 430080K, used 19961K [0x00000000e0000000, 0x00000000fe280000, 0x0000000100000000)
  eden space 365568K, 0% used [0x00000000e0000000,0x00000000e0000000,0x00000000f6500000)
  from space 64512K, 30% used [0x00000000fa380000,0x00000000fb6fe498,0x00000000fe280000)
  to   space 64000K, 0% used [0x00000000f6500000,0x00000000f6500000,0x00000000fa380000)
 ParOldGen       total 272896K, used 113759K [0x00000000a0000000, 0x00000000b0a80000, 0x00000000e0000000)
  object space 272896K, 41% used [0x00000000a0000000,0x00000000a6f17d78,0x00000000b0a80000)
 Metaspace       used 83141K, capacity 86092K, committed 87464K, reserved 1124352K
  class space    used 10769K, capacity 11346K, committed 11688K, reserved 1048576K
}
Event: 34.437 GC heap before
{Heap before GC invocations=31 (full 4):
 PSYoungGen      total 430080K, used 385529K [0x00000000e0000000, 0x00000000fe280000, 0x0000000100000000)
  eden space 365568K, 100% used [0x00000000e0000000,0x00000000f6500000,0x00000000f6500000)
  from space 64512K, 30% used [0x00000000fa380000,0x00000000fb6fe498,0x00000000fe280000)
  to   space 64000K, 0% used [0x00000000f6500000,0x00000000f6500000,0x00000000fa380000)
 ParOldGen       total 272896K, used 113759K [0x00000000a0000000, 0x00000000b0a80000, 0x00000000e0000000)
  object space 272896K, 41% used [0x00000000a0000000,0x00000000a6f17d78,0x00000000b0a80000)
 Metaspace       used 83403K, capacity 86416K, committed 87720K, reserved 1126400K
  class space    used 10775K, capacity 11354K, committed 11688K, reserved 1048576K
Event: 34.463 GC heap after
Heap after GC invocations=31 (full 4):
 PSYoungGen      total 429568K, used 20572K [0x00000000e0000000, 0x00000000ffa80000, 0x0000000100000000)
  eden space 365568K, 0% used [0x00000000e0000000,0x00000000e0000000,0x00000000f6500000)
  from space 64000K, 32% used [0x00000000f6500000,0x00000000f7917008,0x00000000fa380000)
  to   space 61440K, 0% used [0x00000000fbe80000,0x00000000fbe80000,0x00000000ffa80000)
 ParOldGen       total 272896K, used 113767K [0x00000000a0000000, 0x00000000b0a80000, 0x00000000e0000000)
  object space 272896K, 41% used [0x00000000a0000000,0x00000000a6f19d78,0x00000000b0a80000)
 Metaspace       used 83403K, capacity 86416K, committed 87720K, reserved 1126400K
  class space    used 10775K, capacity 11354K, committed 11688K, reserved 1048576K
}
Event: 35.088 GC heap before
{Heap before GC invocations=32 (full 4):
 PSYoungGen      total 429568K, used 386140K [0x00000000e0000000, 0x00000000ffa80000, 0x0000000100000000)
  eden space 365568K, 100% used [0x00000000e0000000,0x00000000f6500000,0x00000000f6500000)
  from space 64000K, 32% used [0x00000000f6500000,0x00000000f7917008,0x00000000fa380000)
  to   space 61440K, 0% used [0x00000000fbe80000,0x00000000fbe80000,0x00000000ffa80000)
 ParOldGen       total 272896K, used 113767K [0x00000000a0000000, 0x00000000b0a80000, 0x00000000e0000000)
  object space 272896K, 41% used [0x00000000a0000000,0x00000000a6f19d78,0x00000000b0a80000)
 Metaspace       used 83533K, capacity 86530K, committed 87976K, reserved 1126400K
  class space    used 10789K, capacity 11363K, committed 11688K, reserved 1048576K
Event: 35.111 GC heap after
Heap after GC invocations=32 (full 4):
 PSYoungGen      total 456192K, used 24997K [0x00000000e0000000, 0x00000000ff680000, 0x0000000100000000)
  eden space 398848K, 0% used [0x00000000e0000000,0x00000000e0000000,0x00000000f8580000)
  from space 57344K, 43% used [0x00000000fbe80000,0x00000000fd6e9648,0x00000000ff680000)
  to   space 57856K, 0% used [0x00000000f8580000,0x00000000f8580000,0x00000000fbe00000)
 ParOldGen       total 272896K, used 113767K [0x00000000a0000000, 0x00000000b0a80000, 0x00000000e0000000)
  object space 272896K, 41% used [0x00000000a0000000,0x00000000a6f19d78,0x00000000b0a80000)
 Metaspace       used 83533K, capacity 86530K, committed 87976K, reserved 1126400K
  class space    used 10789K, capacity 11363K, committed 11688K, reserved 1048576K
}
Event: 35.726 GC heap before
{Heap before GC invocations=33 (full 4):
 PSYoungGen      total 456192K, used 423845K [0x00000000e0000000, 0x00000000ff680000, 0x0000000100000000)
  eden space 398848K, 100% used [0x00000000e0000000,0x00000000f8580000,0x00000000f8580000)
  from space 57344K, 43% used [0x00000000fbe80000,0x00000000fd6e9648,0x00000000ff680000)
  to   space 57856K, 0% used [0x00000000f8580000,0x00000000f8580000,0x00000000fbe00000)
 ParOldGen       total 272896K, used 113767K [0x00000000a0000000, 0x00000000b0a80000, 0x00000000e0000000)
  object space 272896K, 41% used [0x00000000a0000000,0x00000000a6f19d78,0x00000000b0a80000)
 Metaspace       used 83760K, capacity 86786K, committed 87976K, reserved 1126400K
  class space    used 10812K, capacity 11401K, committed 11688K, reserved 1048576K
Event: 35.763 GC heap after
Heap after GC invocations=33 (full 4):
 PSYoungGen      total 456704K, used 31835K [0x00000000e0000000, 0x00000000ff680000, 0x0000000100000000)
  eden space 398848K, 0% used [0x00000000e0000000,0x00000000e0000000,0x00000000f8580000)
  from space 57856K, 55% used [0x00000000f8580000,0x00000000fa496e88,0x00000000fbe00000)
  to   space 57344K, 0% used [0x00000000fbe80000,0x00000000fbe80000,0x00000000ff680000)
 ParOldGen       total 272896K, used 113767K [0x00000000a0000000, 0x00000000b0a80000, 0x00000000e0000000)
  object space 272896K, 41% used [0x00000000a0000000,0x00000000a6f19d78,0x00000000b0a80000)
 Metaspace       used 83760K, capacity 86786K, committed 87976K, reserved 1126400K
  class space    used 10812K, capacity 11401K, committed 11688K, reserved 1048576K
}

