# JRE version: OpenJDK Runtime Environment (8.0_202-b03) (build 1.8.0_202-release-1483-b03)
# Java VM: OpenJDK 64-Bit Server VM (25.202-b03 mixed mode windows-amd64 compressed oops)
Heap:
 PSYoungGen      total 433664K, used 118788K [0x00000000e0000000, 0x0000000100000000, 0x0000000100000000)
  eden space 347648K, 17% used [0x00000000e0000000,0x00000000e3bf5ed8,0x00000000f5380000)
  from space 86016K, 66% used [0x00000000f5380000,0x00000000f8b8b290,0x00000000fa780000)
  to   space 89088K, 0% used [0x00000000fa900000,0x00000000fa900000,0x0000000100000000)
 ParOldGen       total 284160K, used 78127K [0x00000000a0000000, 0x00000000b1580000, 0x00000000e0000000)
  object space 284160K, 27% used [0x00000000a0000000,0x00000000a4c4bfc8,0x00000000b1580000)
 Metaspace       used 95213K, capacity 99586K, committed 99752K, reserved 1136640K
  class space    used 12118K, capacity 12955K, committed 12968K, reserved 1048576K
GC Heap History (10 events):
Event: 91.604 GC heap before
{Heap before GC invocations=32 (full 5):
 PSYoungGen      total 459264K, used 407552K [0x00000000e0000000, 0x0000000100000000, 0x0000000100000000)
  eden space 407552K, 100% used [0x00000000e0000000,0x00000000f8e00000,0x00000000f8e00000)
  from space 51712K, 0% used [0x00000000f8e00000,0x00000000f8e00000,0x00000000fc080000)
  to   space 65024K, 0% used [0x00000000fc080000,0x00000000fc080000,0x0000000100000000)
 ParOldGen       total 200192K, used 190820K [0x00000000a0000000, 0x00000000ac380000, 0x00000000e0000000)
  object space 200192K, 95% used [0x00000000a0000000,0x00000000aba59200,0x00000000ac380000)
 Metaspace       used 82105K, capacity 85072K, committed 85928K, reserved 1124352K
  class space    used 10658K, capacity 11260K, committed 11432K, reserved 1048576K
Event: 91.717 GC heap after
Heap after GC invocations=32 (full 5):
 PSYoungGen      total 459264K, used 0K [0x00000000e0000000, 0x0000000100000000, 0x0000000100000000)
  eden space 407552K, 0% used [0x00000000e0000000,0x00000000e0000000,0x00000000f8e00000)
  from space 51712K, 0% used [0x00000000f8e00000,0x00000000f8e00000,0x00000000fc080000)
  to   space 65024K, 0% used [0x00000000fc080000,0x00000000fc080000,0x0000000100000000)
 ParOldGen       total 284160K, used 78095K [0x00000000a0000000, 0x00000000b1580000, 0x00000000e0000000)
  object space 284160K, 27% used [0x00000000a0000000,0x00000000a4c43fc8,0x00000000b1580000)
 Metaspace       used 82105K, capacity 85072K, committed 85928K, reserved 1124352K
  class space    used 10658K, capacity 11260K, committed 11432K, reserved 1048576K
}
Event: 95.567 GC heap before
{Heap before GC invocations=33 (full 5):
 PSYoungGen      total 459264K, used 407552K [0x00000000e0000000, 0x0000000100000000, 0x0000000100000000)
  eden space 407552K, 100% used [0x00000000e0000000,0x00000000f8e00000,0x00000000f8e00000)
  from space 51712K, 0% used [0x00000000f8e00000,0x00000000f8e00000,0x00000000fc080000)
  to   space 65024K, 0% used [0x00000000fc080000,0x00000000fc080000,0x0000000100000000)
 ParOldGen       total 284160K, used 78095K [0x00000000a0000000, 0x00000000b1580000, 0x00000000e0000000)
  object space 284160K, 27% used [0x00000000a0000000,0x00000000a4c43fc8,0x00000000b1580000)
 Metaspace       used 82685K, capacity 85770K, committed 86696K, reserved 1124352K
  class space    used 10668K, capacity 11271K, committed 11432K, reserved 1048576K
Event: 95.597 GC heap after
Heap after GC invocations=33 (full 5):
 PSYoungGen      total 410112K, used 40759K [0x00000000e0000000, 0x0000000100000000, 0x0000000100000000)
  eden space 345088K, 0% used [0x00000000e0000000,0x00000000e0000000,0x00000000f5100000)
  from space 65024K, 62% used [0x00000000fc080000,0x00000000fe84ddc8,0x0000000100000000)
  to   space 89600K, 0% used [0x00000000f5100000,0x00000000f5100000,0x00000000fa880000)
 ParOldGen       total 284160K, used 78103K [0x00000000a0000000, 0x00000000b1580000, 0x00000000e0000000)
  object space 284160K, 27% used [0x00000000a0000000,0x00000000a4c45fc8,0x00000000b1580000)
 Metaspace       used 82685K, capacity 85770K, committed 86696K, reserved 1124352K
  class space    used 10668K, capacity 11271K, committed 11432K, reserved 1048576K
}
Event: 124.076 GC heap before
{Heap before GC invocations=34 (full 5):
 PSYoungGen      total 410112K, used 385847K [0x00000000e0000000, 0x0000000100000000, 0x0000000100000000)
  eden space 345088K, 100% used [0x00000000e0000000,0x00000000f5100000,0x00000000f5100000)
  from space 65024K, 62% used [0x00000000fc080000,0x00000000fe84ddc8,0x0000000100000000)
  to   space 89600K, 0% used [0x00000000f5100000,0x00000000f5100000,0x00000000fa880000)
 ParOldGen       total 284160K, used 78103K [0x00000000a0000000, 0x00000000b1580000, 0x00000000e0000000)
  object space 284160K, 27% used [0x00000000a0000000,0x00000000a4c45fc8,0x00000000b1580000)
 Metaspace       used 88454K, capacity 92292K, committed 92712K, reserved 1130496K
  class space    used 11448K, capacity 12220K, committed 12328K, reserved 1048576K
Event: 124.091 GC heap after
Heap after GC invocations=34 (full 5):
 PSYoungGen      total 434688K, used 17522K [0x00000000e0000000, 0x0000000100000000, 0x0000000100000000)
  eden space 345088K, 0% used [0x00000000e0000000,0x00000000e0000000,0x00000000f5100000)
  from space 89600K, 19% used [0x00000000f5100000,0x00000000f621c850,0x00000000fa880000)
  to   space 87040K, 0% used [0x00000000fab00000,0x00000000fab00000,0x0000000100000000)
 ParOldGen       total 284160K, used 78111K [0x00000000a0000000, 0x00000000b1580000, 0x00000000e0000000)
  object space 284160K, 27% used [0x00000000a0000000,0x00000000a4c47fc8,0x00000000b1580000)
 Metaspace       used 88454K, capacity 92292K, committed 92712K, reserved 1130496K
  class space    used 11448K, capacity 12220K, committed 12328K, reserved 1048576K
}
Event: 130.675 GC heap before
{Heap before GC invocations=35 (full 5):
 PSYoungGen      total 434688K, used 362594K [0x00000000e0000000, 0x0000000100000000, 0x0000000100000000)
  eden space 345088K, 99% used [0x00000000e0000000,0x00000000f50fc0f8,0x00000000f5100000)
  from space 89600K, 19% used [0x00000000f5100000,0x00000000f621c850,0x00000000fa880000)
  to   space 87040K, 0% used [0x00000000fab00000,0x00000000fab00000,0x0000000100000000)
 ParOldGen       total 284160K, used 78111K [0x00000000a0000000, 0x00000000b1580000, 0x00000000e0000000)
  object space 284160K, 27% used [0x00000000a0000000,0x00000000a4c47fc8,0x00000000b1580000)
 Metaspace       used 92146K, capacity 96404K, committed 96680K, reserved 1132544K
  class space    used 11828K, capacity 12658K, committed 12712K, reserved 1048576K
Event: 130.702 GC heap after
Heap after GC invocations=35 (full 5):
 PSYoungGen      total 430080K, used 44799K [0x00000000e0000000, 0x00000000ffb80000, 0x0000000100000000)
  eden space 347648K, 0% used [0x00000000e0000000,0x00000000e0000000,0x00000000f5380000)
  from space 82432K, 54% used [0x00000000fab00000,0x00000000fd6bff38,0x00000000ffb80000)
  to   space 86016K, 0% used [0x00000000f5380000,0x00000000f5380000,0x00000000fa780000)
 ParOldGen       total 284160K, used 78119K [0x00000000a0000000, 0x00000000b1580000, 0x00000000e0000000)
  object space 284160K, 27% used [0x00000000a0000000,0x00000000a4c49fc8,0x00000000b1580000)
 Metaspace       used 92146K, capacity 96404K, committed 96680K, reserved 1132544K
  class space    used 11828K, capacity 12658K, committed 12712K, reserved 1048576K
}
Event: 132.160 GC heap before
{Heap before GC invocations=36 (full 5):
 PSYoungGen      total 430080K, used 392447K [0x00000000e0000000, 0x00000000ffb80000, 0x0000000100000000)
  eden space 347648K, 100% used [0x00000000e0000000,0x00000000f5380000,0x00000000f5380000)
  from space 82432K, 54% used [0x00000000fab00000,0x00000000fd6bff38,0x00000000ffb80000)
  to   space 86016K, 0% used [0x00000000f5380000,0x00000000f5380000,0x00000000fa780000)
 ParOldGen       total 284160K, used 78119K [0x00000000a0000000, 0x00000000b1580000, 0x00000000e0000000)
  object space 284160K, 27% used [0x00000000a0000000,0x00000000a4c49fc8,0x00000000b1580000)
 Metaspace       used 95005K, capacity 99386K, committed 99496K, reserved 1136640K
  class space    used 12095K, capacity 12943K, committed 12968K, reserved 1048576K
Event: 132.205 GC heap after
Heap after GC invocations=36 (full 5):
 PSYoungGen      total 433664K, used 57388K [0x00000000e0000000, 0x0000000100000000, 0x0000000100000000)
  eden space 347648K, 0% used [0x00000000e0000000,0x00000000e0000000,0x00000000f5380000)
  from space 86016K, 66% used [0x00000000f5380000,0x00000000f8b8b290,0x00000000fa780000)
  to   space 89088K, 0% used [0x00000000fa900000,0x00000000fa900000,0x0000000100000000)
 ParOldGen       total 284160K, used 78127K [0x00000000a0000000, 0x00000000b1580000, 0x00000000e0000000)
  object space 284160K, 27% used [0x00000000a0000000,0x00000000a4c4bfc8,0x00000000b1580000)
 Metaspace       used 95005K, capacity 99386K, committed 99496K, reserved 1136640K
  class space    used 12095K, capacity 12943K, committed 12968K, reserved 1048576K
}

