# JRE version: OpenJDK Runtime Environment (8.0_202-b03) (build 1.8.0_202-release-1483-b03)
# Java VM: OpenJDK 64-Bit Server VM (25.202-b03 mixed mode windows-amd64 compressed oops)
Heap:
 PSYoungGen      total 435200K, used 159034K [0x00000000e0000000, 0x0000000100000000, 0x0000000100000000)
  eden space 366592K, 24% used [0x00000000e0000000,0x00000000e5867b60,0x00000000f6600000)
  from space 68608K, 99% used [0x00000000f6600000,0x00000000fa8e6db8,0x00000000fa900000)
  to   space 87552K, 0% used [0x00000000faa80000,0x00000000faa80000,0x0000000100000000)
 ParOldGen       total 268288K, used 86105K [0x00000000a0000000, 0x00000000b0600000, 0x00000000e0000000)
  object space 268288K, 32% used [0x00000000a0000000,0x00000000a5416408,0x00000000b0600000)
 Metaspace       used 110212K, capacity 118285K, committed 119064K, reserved 1153024K
  class space    used 13615K, capacity 14993K, committed 15144K, reserved 1048576K
GC Heap History (10 events):
Event: 17024.598 GC heap before
{Heap before GC invocations=72 (full 5):
 PSYoungGen      total 431104K, used 369744K [0x00000000e0000000, 0x00000000ff480000, 0x0000000100000000)
  eden space 350720K, 100% used [0x00000000e0000000,0x00000000f5680000,0x00000000f5680000)
  from space 80384K, 23% used [0x00000000fa600000,0x00000000fb894108,0x00000000ff480000)
  to   space 80896K, 0% used [0x00000000f5680000,0x00000000f5680000,0x00000000fa580000)
 ParOldGen       total 268288K, used 79106K [0x00000000a0000000, 0x00000000b0600000, 0x00000000e0000000)
  object space 268288K, 29% used [0x00000000a0000000,0x00000000a4d40ab8,0x00000000b0600000)
 Metaspace       used 109933K, capacity 117963K, committed 118808K, reserved 1153024K
  class space    used 13610K, capacity 14956K, committed 15144K, reserved 1048576K
Event: 17024.614 GC heap after
Heap after GC invocations=72 (full 5):
 PSYoungGen      total 431616K, used 20653K [0x00000000e0000000, 0x00000000ffa80000, 0x0000000100000000)
  eden space 350720K, 0% used [0x00000000e0000000,0x00000000e0000000,0x00000000f5680000)
  from space 80896K, 25% used [0x00000000f5680000,0x00000000f6aab570,0x00000000fa580000)
  to   space 77824K, 0% used [0x00000000fae80000,0x00000000fae80000,0x00000000ffa80000)
 ParOldGen       total 268288K, used 79106K [0x00000000a0000000, 0x00000000b0600000, 0x00000000e0000000)
  object space 268288K, 29% used [0x00000000a0000000,0x00000000a4d40ab8,0x00000000b0600000)
 Metaspace       used 109933K, capacity 117963K, committed 118808K, reserved 1153024K
  class space    used 13610K, capacity 14956K, committed 15144K, reserved 1048576K
}
Event: 17046.492 GC heap before
{Heap before GC invocations=73 (full 5):
 PSYoungGen      total 431616K, used 371373K [0x00000000e0000000, 0x00000000ffa80000, 0x0000000100000000)
  eden space 350720K, 100% used [0x00000000e0000000,0x00000000f5680000,0x00000000f5680000)
  from space 80896K, 25% used [0x00000000f5680000,0x00000000f6aab570,0x00000000fa580000)
  to   space 77824K, 0% used [0x00000000fae80000,0x00000000fae80000,0x00000000ffa80000)
 ParOldGen       total 268288K, used 79106K [0x00000000a0000000, 0x00000000b0600000, 0x00000000e0000000)
  object space 268288K, 29% used [0x00000000a0000000,0x00000000a4d40ab8,0x00000000b0600000)
 Metaspace       used 110024K, capacity 118091K, committed 118808K, reserved 1153024K
  class space    used 13611K, capacity 14956K, committed 15144K, reserved 1048576K
Event: 17046.514 GC heap after
Heap after GC invocations=73 (full 5):
 PSYoungGen      total 435712K, used 22974K [0x00000000e0000000, 0x00000000ff480000, 0x0000000100000000)
  eden space 364032K, 0% used [0x00000000e0000000,0x00000000e0000000,0x00000000f6380000)
  from space 71680K, 32% used [0x00000000fae80000,0x00000000fc4efa98,0x00000000ff480000)
  to   space 74240K, 0% used [0x00000000f6380000,0x00000000f6380000,0x00000000fac00000)
 ParOldGen       total 268288K, used 79114K [0x00000000a0000000, 0x00000000b0600000, 0x00000000e0000000)
  object space 268288K, 29% used [0x00000000a0000000,0x00000000a4d42ab8,0x00000000b0600000)
 Metaspace       used 110024K, capacity 118091K, committed 118808K, reserved 1153024K
  class space    used 13611K, capacity 14956K, committed 15144K, reserved 1048576K
}
Event: 17962.848 GC heap before
{Heap before GC invocations=74 (full 5):
 PSYoungGen      total 435712K, used 387006K [0x00000000e0000000, 0x00000000ff480000, 0x0000000100000000)
  eden space 364032K, 100% used [0x00000000e0000000,0x00000000f6380000,0x00000000f6380000)
  from space 71680K, 32% used [0x00000000fae80000,0x00000000fc4efa98,0x00000000ff480000)
  to   space 74240K, 0% used [0x00000000f6380000,0x00000000f6380000,0x00000000fac00000)
 ParOldGen       total 268288K, used 79114K [0x00000000a0000000, 0x00000000b0600000, 0x00000000e0000000)
  object space 268288K, 29% used [0x00000000a0000000,0x00000000a4d42ab8,0x00000000b0600000)
 Metaspace       used 110107K, capacity 118153K, committed 118808K, reserved 1153024K
  class space    used 13615K, capacity 14993K, committed 15144K, reserved 1048576K
Event: 17962.873 GC heap after
Heap after GC invocations=74 (full 5):
 PSYoungGen      total 438272K, used 28051K [0x00000000e0000000, 0x00000000ff780000, 0x0000000100000000)
  eden space 364032K, 0% used [0x00000000e0000000,0x00000000e0000000,0x00000000f6380000)
  from space 74240K, 37% used [0x00000000f6380000,0x00000000f7ee4c28,0x00000000fac00000)
  to   space 70144K, 0% used [0x00000000fb300000,0x00000000fb300000,0x00000000ff780000)
 ParOldGen       total 268288K, used 79122K [0x00000000a0000000, 0x00000000b0600000, 0x00000000e0000000)
  object space 268288K, 29% used [0x00000000a0000000,0x00000000a4d44ab8,0x00000000b0600000)
 Metaspace       used 110107K, capacity 118153K, committed 118808K, reserved 1153024K
  class space    used 13615K, capacity 14993K, committed 15144K, reserved 1048576K
}
Event: 17965.030 GC heap before
{Heap before GC invocations=75 (full 5):
 PSYoungGen      total 438272K, used 392083K [0x00000000e0000000, 0x00000000ff780000, 0x0000000100000000)
  eden space 364032K, 100% used [0x00000000e0000000,0x00000000f6380000,0x00000000f6380000)
  from space 74240K, 37% used [0x00000000f6380000,0x00000000f7ee4c28,0x00000000fac00000)
  to   space 70144K, 0% used [0x00000000fb300000,0x00000000fb300000,0x00000000ff780000)
 ParOldGen       total 268288K, used 79122K [0x00000000a0000000, 0x00000000b0600000, 0x00000000e0000000)
  object space 268288K, 29% used [0x00000000a0000000,0x00000000a4d44bc8,0x00000000b0600000)
 Metaspace       used 110130K, capacity 118157K, committed 118808K, reserved 1153024K
  class space    used 13615K, capacity 14993K, committed 15144K, reserved 1048576K
Event: 17965.096 GC heap after
Heap after GC invocations=75 (full 5):
 PSYoungGen      total 436736K, used 63934K [0x00000000e0000000, 0x0000000100000000, 0x0000000100000000)
  eden space 366592K, 0% used [0x00000000e0000000,0x00000000e0000000,0x00000000f6600000)
  from space 70144K, 91% used [0x00000000fb300000,0x00000000ff16fa78,0x00000000ff780000)
  to   space 78848K, 0% used [0x00000000f6600000,0x00000000f6600000,0x00000000fb300000)
 ParOldGen       total 268288K, used 81194K [0x00000000a0000000, 0x00000000b0600000, 0x00000000e0000000)
  object space 268288K, 30% used [0x00000000a0000000,0x00000000a4f4aa78,0x00000000b0600000)
 Metaspace       used 110130K, capacity 118157K, committed 118808K, reserved 1153024K
  class space    used 13615K, capacity 14993K, committed 15144K, reserved 1048576K
}
Event: 17965.910 GC heap before
{Heap before GC invocations=76 (full 5):
 PSYoungGen      total 436736K, used 430526K [0x00000000e0000000, 0x0000000100000000, 0x0000000100000000)
  eden space 366592K, 100% used [0x00000000e0000000,0x00000000f6600000,0x00000000f6600000)
  from space 70144K, 91% used [0x00000000fb300000,0x00000000ff16fa78,0x00000000ff780000)
  to   space 78848K, 0% used [0x00000000f6600000,0x00000000f6600000,0x00000000fb300000)
 ParOldGen       total 268288K, used 81244K [0x00000000a0000000, 0x00000000b0600000, 0x00000000e0000000)
  object space 268288K, 30% used [0x00000000a0000000,0x00000000a4f57118,0x00000000b0600000)
 Metaspace       used 110200K, capacity 118285K, committed 119064K, reserved 1153024K
  class space    used 13615K, capacity 14993K, committed 15144K, reserved 1048576K
Event: 17965.963 GC heap after
Heap after GC invocations=76 (full 5):
 PSYoungGen      total 435200K, used 68507K [0x00000000e0000000, 0x0000000100000000, 0x0000000100000000)
  eden space 366592K, 0% used [0x00000000e0000000,0x00000000e0000000,0x00000000f6600000)
  from space 68608K, 99% used [0x00000000f6600000,0x00000000fa8e6db8,0x00000000fa900000)
  to   space 87552K, 0% used [0x00000000faa80000,0x00000000faa80000,0x0000000100000000)
 ParOldGen       total 268288K, used 86105K [0x00000000a0000000, 0x00000000b0600000, 0x00000000e0000000)
  object space 268288K, 32% used [0x00000000a0000000,0x00000000a5416408,0x00000000b0600000)
 Metaspace       used 110200K, capacity 118285K, committed 119064K, reserved 1153024K
  class space    used 13615K, capacity 14993K, committed 15144K, reserved 1048576K
}

