# JRE version: OpenJDK Runtime Environment (8.0_202-b03) (build 1.8.0_202-release-1483-b03)
# Java VM: OpenJDK 64-Bit Server VM (25.202-b03 mixed mode windows-amd64 compressed oops)
Heap:
 PSYoungGen      total 304640K, used 163123K [0x00000000e0000000, 0x00000000f9a00000, 0x0000000100000000)
  eden space 229376K, 50% used [0x00000000e0000000,0x00000000e71632e0,0x00000000ee000000)
  from space 75264K, 62% used [0x00000000ee000000,0x00000000f0de9cf8,0x00000000f2980000)
  to   space 77312K, 0% used [0x00000000f4e80000,0x00000000f4e80000,0x00000000f9a00000)
 ParOldGen       total 278528K, used 130799K [0x00000000a0000000, 0x00000000b1000000, 0x00000000e0000000)
  object space 278528K, 46% used [0x00000000a0000000,0x00000000a7fbbc88,0x00000000b1000000)
 Metaspace       used 85729K, capacity 89397K, committed 89880K, reserved 1126400K
  class space    used 11226K, capacity 11949K, committed 12072K, reserved 1048576K
GC Heap History (10 events):
Event: 572.695 GC heap before
{Heap before GC invocations=23 (full 3):
 PSYoungGen      total 260608K, used 236061K [0x00000000e0000000, 0x00000000f3880000, 0x0000000100000000)
  eden space 216576K, 98% used [0x00000000e0000000,0x00000000ecf965c0,0x00000000ed380000)
  from space 44032K, 53% used [0x00000000ed380000,0x00000000eea70ed0,0x00000000efe80000)
  to   space 43520K, 0% used [0x00000000f0e00000,0x00000000f0e00000,0x00000000f3880000)
 ParOldGen       total 142848K, used 100041K [0x00000000a0000000, 0x00000000a8b80000, 0x00000000e0000000)
  object space 142848K, 70% used [0x00000000a0000000,0x00000000a61b24d8,0x00000000a8b80000)
 Metaspace       used 85200K, capacity 89197K, committed 89368K, reserved 1126400K
  class space    used 11283K, capacity 12053K, committed 12072K, reserved 1048576K
Event: 572.844 GC heap after
Heap after GC invocations=23 (full 3):
 PSYoungGen      total 258048K, used 43506K [0x00000000e0000000, 0x00000000f6a80000, 0x0000000100000000)
  eden space 214528K, 0% used [0x00000000e0000000,0x00000000e0000000,0x00000000ed180000)
  from space 43520K, 99% used [0x00000000f0e00000,0x00000000f387c948,0x00000000f3880000)
  to   space 61952K, 0% used [0x00000000ed180000,0x00000000ed180000,0x00000000f0e00000)
 ParOldGen       total 142848K, used 131088K [0x00000000a0000000, 0x00000000a8b80000, 0x00000000e0000000)
  object space 142848K, 91% used [0x00000000a0000000,0x00000000a80042b8,0x00000000a8b80000)
 Metaspace       used 85200K, capacity 89197K, committed 89368K, reserved 1126400K
  class space    used 11283K, capacity 12053K, committed 12072K, reserved 1048576K
}
Event: 572.844 GC heap before
{Heap before GC invocations=24 (full 4):
 PSYoungGen      total 258048K, used 43506K [0x00000000e0000000, 0x00000000f6a80000, 0x0000000100000000)
  eden space 214528K, 0% used [0x00000000e0000000,0x00000000e0000000,0x00000000ed180000)
  from space 43520K, 99% used [0x00000000f0e00000,0x00000000f387c948,0x00000000f3880000)
  to   space 61952K, 0% used [0x00000000ed180000,0x00000000ed180000,0x00000000f0e00000)
 ParOldGen       total 142848K, used 131088K [0x00000000a0000000, 0x00000000a8b80000, 0x00000000e0000000)
  object space 142848K, 91% used [0x00000000a0000000,0x00000000a80042b8,0x00000000a8b80000)
 Metaspace       used 85200K, capacity 89197K, committed 89368K, reserved 1126400K
  class space    used 11283K, capacity 12053K, committed 12072K, reserved 1048576K
Event: 573.307 GC heap after
Heap after GC invocations=24 (full 4):
 PSYoungGen      total 258048K, used 0K [0x00000000e0000000, 0x00000000f6a80000, 0x0000000100000000)
  eden space 214528K, 0% used [0x00000000e0000000,0x00000000e0000000,0x00000000ed180000)
  from space 43520K, 0% used [0x00000000f0e00000,0x00000000f0e00000,0x00000000f3880000)
  to   space 61952K, 0% used [0x00000000ed180000,0x00000000ed180000,0x00000000f0e00000)
 ParOldGen       total 278528K, used 113410K [0x00000000a0000000, 0x00000000b1000000, 0x00000000e0000000)
  object space 278528K, 40% used [0x00000000a0000000,0x00000000a6ec0a70,0x00000000b1000000)
 Metaspace       used 84904K, capacity 88345K, committed 89368K, reserved 1126400K
  class space    used 11188K, capacity 11883K, committed 12072K, reserved 1048576K
}
Event: 578.486 GC heap before
{Heap before GC invocations=25 (full 4):
 PSYoungGen      total 258048K, used 214528K [0x00000000e0000000, 0x00000000f6a80000, 0x0000000100000000)
  eden space 214528K, 100% used [0x00000000e0000000,0x00000000ed180000,0x00000000ed180000)
  from space 43520K, 0% used [0x00000000f0e00000,0x00000000f0e00000,0x00000000f3880000)
  to   space 61952K, 0% used [0x00000000ed180000,0x00000000ed180000,0x00000000f0e00000)
 ParOldGen       total 278528K, used 113410K [0x00000000a0000000, 0x00000000b1000000, 0x00000000e0000000)
  object space 278528K, 40% used [0x00000000a0000000,0x00000000a6ec0a70,0x00000000b1000000)
 Metaspace       used 85190K, capacity 88665K, committed 89624K, reserved 1126400K
  class space    used 11196K, capacity 11893K, committed 12072K, reserved 1048576K
Event: 578.511 GC heap after
Heap after GC invocations=25 (full 4):
 PSYoungGen      total 276480K, used 18089K [0x00000000e0000000, 0x00000000f6300000, 0x0000000100000000)
  eden space 214528K, 0% used [0x00000000e0000000,0x00000000e0000000,0x00000000ed180000)
  from space 61952K, 29% used [0x00000000ed180000,0x00000000ee32a6b0,0x00000000f0e00000)
  to   space 58880K, 0% used [0x00000000f2980000,0x00000000f2980000,0x00000000f6300000)
 ParOldGen       total 278528K, used 113418K [0x00000000a0000000, 0x00000000b1000000, 0x00000000e0000000)
  object space 278528K, 40% used [0x00000000a0000000,0x00000000a6ec2a70,0x00000000b1000000)
 Metaspace       used 85190K, capacity 88665K, committed 89624K, reserved 1126400K
  class space    used 11196K, capacity 11893K, committed 12072K, reserved 1048576K
}
Event: 579.459 GC heap before
{Heap before GC invocations=26 (full 4):
 PSYoungGen      total 276480K, used 232617K [0x00000000e0000000, 0x00000000f6300000, 0x0000000100000000)
  eden space 214528K, 100% used [0x00000000e0000000,0x00000000ed180000,0x00000000ed180000)
  from space 61952K, 29% used [0x00000000ed180000,0x00000000ee32a6b0,0x00000000f0e00000)
  to   space 58880K, 0% used [0x00000000f2980000,0x00000000f2980000,0x00000000f6300000)
 ParOldGen       total 278528K, used 113418K [0x00000000a0000000, 0x00000000b1000000, 0x00000000e0000000)
  object space 278528K, 40% used [0x00000000a0000000,0x00000000a6ec2a70,0x00000000b1000000)
 Metaspace       used 85240K, capacity 88665K, committed 89624K, reserved 1126400K
  class space    used 11196K, capacity 11893K, committed 12072K, reserved 1048576K
Event: 579.521 GC heap after
Heap after GC invocations=26 (full 4):
 PSYoungGen      total 288256K, used 58877K [0x00000000e0000000, 0x00000000f8a80000, 0x0000000100000000)
  eden space 229376K, 0% used [0x00000000e0000000,0x00000000e0000000,0x00000000ee000000)
  from space 58880K, 99% used [0x00000000f2980000,0x00000000f62ff4e8,0x00000000f6300000)
  to   space 75264K, 0% used [0x00000000ee000000,0x00000000ee000000,0x00000000f2980000)
 ParOldGen       total 278528K, used 130791K [0x00000000a0000000, 0x00000000b1000000, 0x00000000e0000000)
  object space 278528K, 46% used [0x00000000a0000000,0x00000000a7fb9c88,0x00000000b1000000)
 Metaspace       used 85240K, capacity 88665K, committed 89624K, reserved 1126400K
  class space    used 11196K, capacity 11893K, committed 12072K, reserved 1048576K
}
Event: 619.303 GC heap before
{Heap before GC invocations=27 (full 4):
 PSYoungGen      total 288256K, used 288253K [0x00000000e0000000, 0x00000000f8a80000, 0x0000000100000000)
  eden space 229376K, 100% used [0x00000000e0000000,0x00000000ee000000,0x00000000ee000000)
  from space 58880K, 99% used [0x00000000f2980000,0x00000000f62ff4e8,0x00000000f6300000)
  to   space 75264K, 0% used [0x00000000ee000000,0x00000000ee000000,0x00000000f2980000)
 ParOldGen       total 278528K, used 130791K [0x00000000a0000000, 0x00000000b1000000, 0x00000000e0000000)
  object space 278528K, 46% used [0x00000000a0000000,0x00000000a7fb9c88,0x00000000b1000000)
 Metaspace       used 85721K, capacity 89393K, committed 89880K, reserved 1126400K
  class space    used 11226K, capacity 11949K, committed 12072K, reserved 1048576K
Event: 619.347 GC heap after
Heap after GC invocations=27 (full 4):
 PSYoungGen      total 304640K, used 47015K [0x00000000e0000000, 0x00000000f9a00000, 0x0000000100000000)
  eden space 229376K, 0% used [0x00000000e0000000,0x00000000e0000000,0x00000000ee000000)
  from space 75264K, 62% used [0x00000000ee000000,0x00000000f0de9cf8,0x00000000f2980000)
  to   space 77312K, 0% used [0x00000000f4e80000,0x00000000f4e80000,0x00000000f9a00000)
 ParOldGen       total 278528K, used 130799K [0x00000000a0000000, 0x00000000b1000000, 0x00000000e0000000)
  object space 278528K, 46% used [0x00000000a0000000,0x00000000a7fbbc88,0x00000000b1000000)
 Metaspace       used 85721K, capacity 89393K, committed 89880K, reserved 1126400K
  class space    used 11226K, capacity 11949K, committed 12072K, reserved 1048576K
}

